2023-2023-06 20:34 [INFO][restartedMain][c.e.EmployeePayrollApplication:51] Starting EmployeePayrollApplication using Java 17.0.6 with PID 1716 (D:\Program\SpringBoot Projects\Employee Payroll Application\EmployeePayrollApplication\target\classes started by root in D:\Program\SpringBoot Projects\Employee Payroll Application\EmployeePayrollApplication)
2023-2023-06 20:34 [INFO][restartedMain][c.e.EmployeePayrollApplication:639] The following 1 profile is active: "dev"
2023-2023-06 20:34 [INFO][restartedMain][o.s.b.d.e.DevToolsPropertyDefaultsPostProcessor:250] Devtools property defaults active! Set 'spring.devtools.add-properties' to 'false' to disable
2023-2023-06 20:34 [INFO][restartedMain][o.s.b.d.e.DevToolsPropertyDefaultsPostProcessor:250] For additional web related logging consider setting the 'logging.level.web' property to 'DEBUG'
2023-2023-06 20:34 [INFO][restartedMain][o.s.d.r.c.RepositoryConfigurationDelegate:138] Bootstrapping Spring Data JPA repositories in DEFAULT mode.
2023-2023-06 20:34 [INFO][restartedMain][o.s.d.r.c.RepositoryConfigurationDelegate:208] Finished Spring Data repository scanning in 43 ms. Found 1 JPA repository interfaces.
2023-2023-06 20:34 [INFO][restartedMain][o.s.b.w.e.t.TomcatWebServer:108] Tomcat initialized with port(s): 8082 (http)
2023-2023-06 20:34 [INFO][restartedMain][o.a.c.c.StandardService:173] Starting service [Tomcat]
2023-2023-06 20:34 [INFO][restartedMain][o.a.c.c.StandardEngine:173] Starting Servlet engine: [Apache Tomcat/10.1.8]
2023-2023-06 20:34 [INFO][restartedMain][o.a.c.c.C.[.[.[/]:173] Initializing Spring embedded WebApplicationContext
2023-2023-06 20:34 [INFO][restartedMain][o.s.b.w.s.c.ServletWebServerApplicationContext:291] Root WebApplicationContext: initialization completed in 956 ms
2023-2023-06 20:34 [INFO][restartedMain][o.h.j.i.u.LogHelper:31] HHH000204: Processing PersistenceUnitInfo [name: default]
2023-2023-06 20:34 [INFO][restartedMain][o.h.Version:44] HHH000412: Hibernate ORM core version 6.2.2.Final
2023-2023-06 20:34 [INFO][restartedMain][o.h.c.Environment:191] HHH000406: Using bytecode reflection optimizer
2023-2023-06 20:34 [INFO][restartedMain][o.h.b.i.BytecodeProviderInitiator:53] HHH000021: Bytecode provider name : bytebuddy
2023-2023-06 20:34 [INFO][restartedMain][o.s.o.j.p.SpringPersistenceUnitInfo:87] No LoadTimeWeaver setup: ignoring JPA class transformer
2023-2023-06 20:34 [INFO][restartedMain][c.z.h.HikariDataSource:110] HikariPool-1 - Starting...
2023-2023-06 20:34 [WARN][restartedMain][c.z.h.u.DriverDataSource:70] Registered driver with driverClassName=com.mysql.jdbc.Driver was not found, trying direct instantiation.
2023-2023-06 20:34 [INFO][restartedMain][c.z.h.p.HikariPool:565] HikariPool-1 - Added connection com.mysql.cj.jdbc.ConnectionImpl@77718b29
2023-2023-06 20:34 [INFO][restartedMain][c.z.h.HikariDataSource:123] HikariPool-1 - Start completed.
2023-2023-06 20:34 [INFO][restartedMain][o.h.o.dialect:93] HHH035001: Using dialect: org.hibernate.dialect.MySQLDialect, version: 5.7
2023-2023-06 20:34 [INFO][restartedMain][o.h.b.i.BytecodeProviderInitiator:53] HHH000021: Bytecode provider name : bytebuddy
2023-2023-06 20:34 [INFO][restartedMain][o.h.e.t.j.p.i.JtaPlatformInitiator:51] HHH000490: Using JtaPlatform implementation: [org.hibernate.engine.transaction.jta.platform.internal.NoJtaPlatform]
2023-2023-06 20:34 [INFO][restartedMain][o.h.t.s.i.e.GenerationTargetToDatabase:69] HHH000476: Executing script '[injected ScriptSourceInputNonExistentImpl script]'
2023-2023-06 20:34 [INFO][restartedMain][o.s.o.j.LocalContainerEntityManagerFactoryBean:437] Initialized JPA EntityManagerFactory for persistence unit 'default'
2023-2023-06 20:34 [WARN][restartedMain][o.s.b.a.o.j.JpaBaseConfiguration$JpaWebConfiguration:231] spring.jpa.open-in-view is enabled by default. Therefore, database queries may be performed during view rendering. Explicitly configure spring.jpa.open-in-view to disable this warning
2023-2023-06 20:34 [INFO][restartedMain][o.s.b.d.a.OptionalLiveReloadServer:59] LiveReload server is running on port 35729
2023-2023-06 20:34 [INFO][restartedMain][o.s.b.w.e.t.TomcatWebServer:220] Tomcat started on port(s): 8082 (http) with context path ''
2023-2023-06 20:34 [INFO][restartedMain][c.e.EmployeePayrollApplication:57] Started EmployeePayrollApplication in 3.245 seconds (process running for 3.958)
2023-2023-06 20:34 [INFO][SpringApplicationShutdownHook][o.s.o.j.LocalContainerEntityManagerFactoryBean:650] Closing JPA EntityManagerFactory for persistence unit 'default'
2023-2023-06 20:34 [INFO][SpringApplicationShutdownHook][c.z.h.HikariDataSource:350] HikariPool-1 - Shutdown initiated...
2023-2023-06 20:34 [INFO][SpringApplicationShutdownHook][c.z.h.HikariDataSource:352] HikariPool-1 - Shutdown completed.
